<?xml version="1.0" encoding="UTF-8"?>
<testng-results ignored="0" total="1" passed="1" failed="0" skipped="0">
  <reporter-output>
  </reporter-output>
  <suite started-at="2020-11-27T12:39:13 IST" name="Default suite" finished-at="2020-11-27T12:39:29 IST" duration-ms="15607">
    <groups>
    </groups>
    <test started-at="2020-11-27T12:39:13 IST" name="Default test" finished-at="2020-11-27T12:39:29 IST" duration-ms="15607">
      <class name="com.qa.com.qa.pages.verifyUrl">
        <test-method signature="verifyUrl()[pri:0, instance:com.qa.com.qa.pages.verifyUrl@3f56875e]" started-at="2020-11-27T12:39:13 IST" name="verifyUrl" finished-at="2020-11-27T12:39:28 IST" duration-ms="15491" status="PASS">
          <reporter-output>
          </reporter-output>
        </test-method> <!-- verifyUrl -->
      </class> <!-- com.qa.com.qa.pages.verifyUrl -->
    </test> <!-- Default test -->
  </suite> <!-- Default suite -->
</testng-results>
