<?xml version="1.0" encoding="UTF-8"?>
<testng-results ignored="0" total="1" passed="1" failed="0" skipped="0">
  <reporter-output>
  </reporter-output>
  <suite started-at="2020-11-27T10:42:29 IST" name="Default suite" finished-at="2020-11-27T10:42:43 IST" duration-ms="13680">
    <groups>
    </groups>
    <test started-at="2020-11-27T10:42:29 IST" name="Default test" finished-at="2020-11-27T10:42:43 IST" duration-ms="13680">
      <class name="com.qa.pages.searchpageTest">
        <test-method is-config="true" signature="launchBrowser()[pri:0, instance:com.qa.pages.searchpageTest@50caa560]" started-at="2020-11-27T10:42:29 IST" name="launchBrowser" finished-at="2020-11-27T10:42:42 IST" duration-ms="13031" status="PASS">
          <reporter-output>
          </reporter-output>
        </test-method> <!-- launchBrowser -->
        <test-method signature="verifyHomepageTitle()[pri:0, instance:com.qa.pages.searchpageTest@50caa560]" started-at="2020-11-27T10:42:42 IST" name="verifyHomepageTitle" finished-at="2020-11-27T10:42:42 IST" duration-ms="266" status="PASS">
          <reporter-output>
          </reporter-output>
        </test-method> <!-- verifyHomepageTitle -->
        <test-method is-config="true" signature="terminateBrowser()[pri:0, instance:com.qa.pages.searchpageTest@50caa560]" started-at="2020-11-27T10:42:42 IST" name="terminateBrowser" finished-at="2020-11-27T10:42:43 IST" duration-ms="312" status="PASS">
          <reporter-output>
          </reporter-output>
        </test-method> <!-- terminateBrowser -->
      </class> <!-- com.qa.pages.searchpageTest -->
    </test> <!-- Default test -->
  </suite> <!-- Default suite -->
</testng-results>
